20:29:00 [Skill] INFO  Skill:138 - Connecting to Furhat server on 192.168.151.69:1932
20:29:00 [GettingstartedSkill] INFO  GettingstartedSkill:165 - Starting skill
20:29:05 [pool-2-thread-1] INFO  WikiDataEntity: 34 - Retrieving entities from WikiData, might take up to one minute
20:29:07 [furhatos.flow.kotlin.FlowControlRunner$parallel$2] WARN  implementations: 39 - Intent Classifier not yet initialized for speech recognition phrases
20:29:24 [GettingstartedSkill] ERROR TriggerRunner: 33 - Error
org.json.JSONException: JSONObject["main"] not found.
	at org.json.JSONObject.get(JSONObject.java:520)
	at org.json.JSONObject.getJSONObject(JSONObject.java:732)
	at furhatos.app.gettingstarted.flow.InteractionKt$Weather$1$2.invoke(interaction.kt:37)
	at furhatos.app.gettingstarted.flow.InteractionKt$Weather$1$2.invoke(interaction.kt)
	at furhatos.flow.kotlin.TriggerRunner.run(TriggerRunner.kt:31)
	at furhatos.flow.kotlin.Runner.runTrigger(Runner.kt:225)
	at furhatos.flow.kotlin.Runner.runTrigger$default(Runner.kt:197)
	at furhatos.flow.kotlin.StateRunner.run(StateRunner.kt:57)
	at furhatos.flow.kotlin.Flow.tailRecRun(Flow.kt:147)
	at furhatos.flow.kotlin.Flow.run(Flow.kt:111)
	at furhatos.app.gettingstarted.GettingstartedSkill.start(main.kt:13)
	at furhatos.skills.Skill.initializeSkill(Skill.java:168)
	at furhatos.skills.Skill.lambda$startSkill$2(Skill.java:226)
	at java.lang.Thread.run(Thread.java:748)
20:30:00 [EventSystem] INFO  GettingstartedSkill:183 - Terminating skill
