00:15:47 [Skill] INFO  Skill:138 - Connecting to Furhat server on 192.168.151.69:1932
00:15:47 [GettingstartedSkill] INFO  GettingstartedSkill:165 - Starting skill
00:16:19 [GettingstartedSkill] ERROR TriggerRunner: 33 - Error
java.time.format.DateTimeParseException: Text '03-29-2022' could not be parsed: Invalid value for MonthOfYear (valid values 1 - 12): 29
	at java.time.format.DateTimeFormatter.createError(DateTimeFormatter.java:1920)
	at java.time.format.DateTimeFormatter.parse(DateTimeFormatter.java:1855)
	at java.time.LocalDate.parse(LocalDate.java:400)
	at furhatos.app.gettingstarted.flow.InteractionKt.convert(interaction.kt:163)
	at furhatos.app.gettingstarted.flow.InteractionKt$Weather$1$2.invoke(interaction.kt:53)
	at furhatos.app.gettingstarted.flow.InteractionKt$Weather$1$2.invoke(interaction.kt)
	at furhatos.flow.kotlin.TriggerRunner.run(TriggerRunner.kt:31)
	at furhatos.flow.kotlin.Runner.runTrigger(Runner.kt:225)
	at furhatos.flow.kotlin.Runner.runTrigger$default(Runner.kt:197)
	at furhatos.flow.kotlin.StateRunner.run(StateRunner.kt:57)
	at furhatos.flow.kotlin.Flow.tailRecRun(Flow.kt:147)
	at furhatos.flow.kotlin.Flow.run(Flow.kt:111)
	at furhatos.app.gettingstarted.GettingstartedSkill.start(main.kt:14)
	at furhatos.skills.Skill.initializeSkill(Skill.java:168)
	at furhatos.skills.Skill.lambda$startSkill$2(Skill.java:226)
	at java.lang.Thread.run(Thread.java:748)
Caused by: java.time.DateTimeException: Invalid value for MonthOfYear (valid values 1 - 12): 29
	at java.time.temporal.ValueRange.checkValidIntValue(ValueRange.java:330)
	at java.time.temporal.ChronoField.checkValidIntValue(ChronoField.java:722)
	at java.time.chrono.IsoChronology.resolveYMD(IsoChronology.java:550)
	at java.time.chrono.IsoChronology.resolveYMD(IsoChronology.java:123)
	at java.time.chrono.AbstractChronology.resolveDate(AbstractChronology.java:472)
	at java.time.chrono.IsoChronology.resolveDate(IsoChronology.java:492)
	at java.time.chrono.IsoChronology.resolveDate(IsoChronology.java:123)
	at java.time.format.Parsed.resolveDateFields(Parsed.java:351)
	at java.time.format.Parsed.resolveFields(Parsed.java:257)
	at java.time.format.Parsed.resolve(Parsed.java:244)
	at java.time.format.DateTimeParseContext.toResolved(DateTimeParseContext.java:331)
	at java.time.format.DateTimeFormatter.parseResolved0(DateTimeFormatter.java:1955)
	at java.time.format.DateTimeFormatter.parse(DateTimeFormatter.java:1851)
	... 14 more
