23:46:37 [Skill] INFO  Skill:138 - Connecting to Furhat server on 192.168.151.69:1932
23:46:38 [GettingstartedSkill] INFO  GettingstartedSkill:165 - Starting skill
23:46:53 [GettingstartedSkill] ERROR TriggerRunner: 33 - Error
java.time.format.DateTimeParseException: Text 'on-e-20-of-03-2022' could not be parsed at index 0
	at java.time.format.DateTimeFormatter.parseResolved0(DateTimeFormatter.java:1949)
	at java.time.format.DateTimeFormatter.parse(DateTimeFormatter.java:1851)
	at java.time.LocalDate.parse(LocalDate.java:400)
	at furhatos.app.gettingstarted.flow.InteractionKt.convert(interaction.kt:152)
	at furhatos.app.gettingstarted.flow.InteractionKt$Weather$1$2.invoke(interaction.kt:48)
	at furhatos.app.gettingstarted.flow.InteractionKt$Weather$1$2.invoke(interaction.kt)
	at furhatos.flow.kotlin.TriggerRunner.run(TriggerRunner.kt:31)
	at furhatos.flow.kotlin.Runner.runTrigger(Runner.kt:225)
	at furhatos.flow.kotlin.Runner.runTrigger$default(Runner.kt:197)
	at furhatos.flow.kotlin.StateRunner.run(StateRunner.kt:57)
	at furhatos.flow.kotlin.Flow.tailRecRun(Flow.kt:147)
	at furhatos.flow.kotlin.Flow.run(Flow.kt:111)
	at furhatos.app.gettingstarted.GettingstartedSkill.start(main.kt:14)
	at furhatos.skills.Skill.initializeSkill(Skill.java:168)
	at furhatos.skills.Skill.lambda$startSkill$2(Skill.java:226)
	at java.lang.Thread.run(Thread.java:748)
