20:46:46 [Skill] INFO  Skill:138 - Connecting to Furhat server on 192.168.151.69:1932
20:46:46 [GettingstartedSkill] INFO  GettingstartedSkill:165 - Starting skill
20:47:13 [GettingstartedSkill] ERROR TriggerRunner: 33 - Error
java.lang.IllegalArgumentException: Unknown pattern letter: r
	at java.time.format.DateTimeFormatterBuilder.parsePattern(DateTimeFormatterBuilder.java:1672)
	at java.time.format.DateTimeFormatterBuilder.appendPattern(DateTimeFormatterBuilder.java:1581)
	at java.time.format.DateTimeFormatter.ofPattern(DateTimeFormatter.java:560)
	at furhatos.app.gettingstarted.flow.InteractionKt.convert(interaction.kt:82)
	at furhatos.app.gettingstarted.flow.InteractionKt$Weather$1$2.invoke(interaction.kt:42)
	at furhatos.app.gettingstarted.flow.InteractionKt$Weather$1$2.invoke(interaction.kt)
	at furhatos.flow.kotlin.TriggerRunner.run(TriggerRunner.kt:31)
	at furhatos.flow.kotlin.Runner.runTrigger(Runner.kt:225)
	at furhatos.flow.kotlin.Runner.runTrigger$default(Runner.kt:197)
	at furhatos.flow.kotlin.StateRunner.run(StateRunner.kt:57)
	at furhatos.flow.kotlin.Flow.tailRecRun(Flow.kt:147)
	at furhatos.flow.kotlin.Flow.run(Flow.kt:111)
	at furhatos.app.gettingstarted.GettingstartedSkill.start(main.kt:14)
	at furhatos.skills.Skill.initializeSkill(Skill.java:168)
	at furhatos.skills.Skill.lambda$startSkill$2(Skill.java:226)
	at java.lang.Thread.run(Thread.java:748)
