19:12:42 [Skill] INFO  Skill:138 - Connecting to Furhat server on 192.168.151.69:1932
19:12:42 [GettingstartedSkill] INFO  GettingstartedSkill:165 - Starting skill
19:13:08 [GettingstartedSkill] ERROR TriggerRunner: 33 - Error
org.json.JSONException: JSONObject["list"] not found.
	at org.json.JSONObject.get(JSONObject.java:520)
	at org.json.JSONObject.getJSONArray(JSONObject.java:714)
	at furhatos.app.gettingstarted.flow.InteractionKt$Weather$1$2.invoke(interaction.kt:63)
	at furhatos.app.gettingstarted.flow.InteractionKt$Weather$1$2.invoke(interaction.kt)
	at furhatos.flow.kotlin.TriggerRunner.run(TriggerRunner.kt:31)
	at furhatos.flow.kotlin.Runner.runTrigger(Runner.kt:225)
	at furhatos.flow.kotlin.Runner.runTrigger$default(Runner.kt:197)
	at furhatos.flow.kotlin.StateRunner.run(StateRunner.kt:57)
	at furhatos.flow.kotlin.Flow.tailRecRun(Flow.kt:147)
	at furhatos.flow.kotlin.Flow.run(Flow.kt:111)
	at furhatos.app.gettingstarted.GettingstartedSkill.start(main.kt:14)
	at furhatos.skills.Skill.initializeSkill(Skill.java:168)
	at furhatos.skills.Skill.lambda$startSkill$2(Skill.java:226)
	at java.lang.Thread.run(Thread.java:748)
19:13:08 [GettingstartedSkill] WARN  Flow: 94 - Flow unknown unresponsive, 1167 ms since last event poll
19:13:09 [EventSystem] INFO  GettingstartedSkill:183 - Terminating skill
